-- The CXX compiler identification is GNU 4.8.4
-- Check for working CXX compiler: /usr/bin/c++
-- Check for working CXX compiler: /usr/bin/c++ -- works
-- Detecting CXX compiler ABI info
-- Detecting CXX compiler ABI info - done
-- Found GDAL: /usr/local/lib/libgdal.so  
-- Boost version: 1.54.0
-- Configuring done
-- Generating done
-- Build files have been written to: /home/sdrdis/Developments_local/topcoder/chain_src/installation/installation_scripts/mvs-stereo-code-samples/build
Scanning dependencies of target tinyxml
[  9%] Building CXX object external/CMakeFiles/tinyxml.dir/tinyxml/tinyxml2.cpp.o
Linking CXX static library libtinyxml.a
[  9%] Built target tinyxml
Scanning dependencies of target eopcc-lib
[ 18%] [ 27%] Building CXX object lib/CMakeFiles/eopcc-lib.dir/utility.cpp.o
[ 36%] [ 45%] Building CXX object lib/CMakeFiles/eopcc-lib.dir/utm_zone.cpp.o
Building CXX object lib/CMakeFiles/eopcc-lib.dir/las_io.cpp.o
Building CXX object lib/CMakeFiles/eopcc-lib.dir/gdal_io.cpp.o
[ 54%] Building CXX object lib/CMakeFiles/eopcc-lib.dir/cloud.cpp.o
Linking CXX static library libeopcc-lib.a
[ 54%] Built target eopcc-lib
Scanning dependencies of target las-generator
Scanning dependencies of target las-validator
Scanning dependencies of target crop-image
[ 63%] Scanning dependencies of target get-crop-area
[ 72%] Building CXX object src/CMakeFiles/las-generator.dir/generator.cpp.o
[ 81%] Building CXX object src/CMakeFiles/las-validator.dir/validator.cpp.o
[ 90%] Building CXX object src/CMakeFiles/get-crop-area.dir/get_crop_area.cpp.o
Building CXX object src/CMakeFiles/crop-image.dir/crop_nitf.cpp.o
Linking CXX executable las-validator
Linking CXX executable las-generator
Linking CXX executable crop-image
[ 90%] Built target las-validator
Scanning dependencies of target rpc-print
[100%] Building CXX object src/CMakeFiles/rpc-print.dir/rpc_print.cpp.o
[100%] Built target las-generator
Linking CXX executable get-crop-area
[100%] Built target crop-image
[100%] Built target get-crop-area
Linking CXX executable rpc-print
[100%] Built target rpc-print
Executables folder: /home/sdrdis/Developments_local/topcoder/chain_src/installation/installation_scripts/mvs-stereo-code-samples/build/src
List directory content:
total 2468
drwxrwxr-x 3 sdrdis sdrdis   4096 août   2 19:03 .
drwxrwxr-x 6 sdrdis sdrdis   4096 août   2 19:03 ..
drwxrwxr-x 7 sdrdis sdrdis   4096 août   2 19:03 CMakeFiles
-rw-rw-r-- 1 sdrdis sdrdis   1236 août   2 19:03 cmake_install.cmake
-rwxrwxr-x 1 sdrdis sdrdis 611770 août   2 19:03 crop-image
-rwxrwxr-x 1 sdrdis sdrdis 569769 août   2 19:03 get-crop-area
-rwxrwxr-x 1 sdrdis sdrdis 578389 août   2 19:03 las-generator
-rwxrwxr-x 1 sdrdis sdrdis 544252 août   2 19:03 las-validator
-rw-rw-r-- 1 sdrdis sdrdis  14276 août   2 19:03 Makefile
-rwxrwxr-x 1 sdrdis sdrdis 177207 août   2 19:03 rpc-print
